<?xml version="1.0" encoding="UTF-8"?>
<testsuite name="EncryptDecryptTest" tests="1" skipped="0" failures="0" errors="0" timestamp="2019-07-31T23:43:16" hostname="sirion-desktop" time="0.075">
  <properties/>
  <testcase name="start" classname="EncryptDecryptTest" time="0.075"/>
  <system-out><![CDATA[Welcome to hyperskill!
\jqhtrj%yt%m~ujwxpnqq&
Hello
Hello
012345678
123456789
\jqhtrj%yt%m~ujwxpnqq&
Welcome to hyperskill!
Hi
Hi
222233334444
111122223333
welcome to hyperskill
bjqhtrj yt mdujwxpnqq
dbokcebo
treasure
qdvdqvrxqwxrxwpvrxspvxiqgdiqarairpbiqqid
cphpchdjcijdjibhdjebhjucspucmdmudbnuccup
i
y
y
i
]]></system-out>
  <system-err><![CDATA[Start test 1
Start test 2
Start test 3
Start test 4
Start test 5
Start test 6
Start test 7
Start test 8
Start test 9
Start test 10
Start test 11
]]></system-err>
</testsuite>
